<?xml version="1.0" encoding="UTF-8"?>
<testsuite xmlns:xsi="http://www.w3.org/2001/XMLSchema-instance" xsi:schemaLocation="https://maven.apache.org/surefire/maven-surefire-plugin/xsd/surefire-test-report.xsd" name="devops.cap.LoginFunctionalTest" time="5.317" tests="3" errors="0" skipped="0" failures="0">
  <properties>
[...]
</properties>
  <testcase name="forgotPasswordSuccess" classname="devops.cap.LoginFunctionalTest" time="2.525"/>
  <testcase name="registrationSuccess" classname="devops.cap.LoginFunctionalTest" time="0.923"/>
  <testcase name="loginSuccess" classname="devops.cap.LoginFunctionalTest" time="0.697"/>
</testsuite>